<?xml version="1.0" encoding="UTF-8"?>
<!-- Generated by org.testng.reporters.JUnitXMLReporter -->
<testsuite hostname="VTEKLAMSHARMA" name="Default test" tests="3" failures="0" timestamp="31 Aug 2020 13:13:00 GMT" time="23.948" errors="0">
  <testcase name="addPlaceGoogleMap" time="16.438" classname="googleMap.AddPlace"/>
  <testcase name="DeletePlaceGoogleMap" time="3.782" classname="googleMap.AddPlace"/>
  <testcase name="updatePlaceGoogleMap" time="3.628" classname="googleMap.AddPlace"/>
</testsuite> <!-- Default test -->
